2021-05-06 12:12:47,360:DEBUG:Records to be uploaded in header table:   File type identifier Company ID   ... File creation time  File Number
0                 SMRT         GAZ  ...            102939.0    PN000001
0                 SMRT         GAZ  ...            102941.0    PN000002
0                 SMRT         GAZ  ...            102942.0    PN000003
0                 SMRT         GAZ  ...            102943.0    PN000004
0                 SMRT         GAZ  ...            102944.0    PN000005
0                 SMRT         GAZ  ...            102945.0    PN000006
0                 SMRT         GAZ  ...            102946.0    PN000007
0                 SMRT         GAZ  ...            102947.0    PN000008
0                 SMRT         GAZ  ...            102948.0    PN000009
0                 SMRT         GAZ  ...            102949.0    PN000010

[10 rows x 5 columns]
2021-05-06 12:12:47,366:DEBUG:Records to be uploaded in consu table:      Meter Number Mearsurement Date Measurement time Consumption File Number
0       000000002          20191014             1100       10.28    PN000001
1       000000002          20191014             1200        2.84    PN000001
2       000000002          20191014             1300       14.65    PN000001
3       000000002          20191014             1400       11.69    PN000001
4       000000002          20191014             1500       14.02    PN000001
...           ...               ...              ...         ...         ...
1792    000000005          20191016              300        6.75    PN000010
1793    000000005          20191016              400       17.17    PN000010
1794    000000005          20191016              500       16.15    PN000010
1795    000000005          20191016              600       18.93    PN000010
1796    000000005          20191016              700       12.07    PN000010

[1797 rows x 5 columns]
2021-05-06 12:14:44,403:DEBUG:Records to be uploaded in header table:   File type identifier Company ID   ... File creation time  File Number
0                 SMRT         GAZ  ...            102939.0    PN000001
0                 SMRT         GAZ  ...            102941.0    PN000002
0                 SMRT         GAZ  ...            102942.0    PN000003
0                 SMRT         GAZ  ...            102943.0    PN000004
0                 SMRT         GAZ  ...            102944.0    PN000005
0                 SMRT         GAZ  ...            102945.0    PN000006
0                 SMRT         GAZ  ...            102946.0    PN000007
0                 SMRT         GAZ  ...            102947.0    PN000008
0                 SMRT         GAZ  ...            102948.0    PN000009
0                 SMRT         GAZ  ...            102949.0    PN000010

[10 rows x 5 columns]
2021-05-06 12:14:44,409:DEBUG:Records to be uploaded in consu table:      Meter Number Mearsurement Date Measurement time Consumption File Number
0       000000002          20191014             1100       10.28    PN000001
1       000000002          20191014             1200        2.84    PN000001
2       000000002          20191014             1300       14.65    PN000001
3       000000002          20191014             1400       11.69    PN000001
4       000000002          20191014             1500       14.02    PN000001
...           ...               ...              ...         ...         ...
1792    000000005          20191016              300        6.75    PN000010
1793    000000005          20191016              400       17.17    PN000010
1794    000000005          20191016              500       16.15    PN000010
1795    000000005          20191016              600       18.93    PN000010
1796    000000005          20191016              700       12.07    PN000010

[1797 rows x 5 columns]
2021-05-06 13:17:56,330:DEBUG:Records to be uploaded in header table:   File type identifier Company ID   ... File creation time  File Number
0                 SMRT         GAZ  ...            102939.0    PN000001
0                 SMRT         GAZ  ...            102941.0    PN000002
0                 SMRT         GAZ  ...            102942.0    PN000003
0                 SMRT         GAZ  ...            102943.0    PN000004
0                 SMRT         GAZ  ...            102944.0    PN000005
0                 SMRT         GAZ  ...            102945.0    PN000006
0                 SMRT         GAZ  ...            102946.0    PN000007
0                 SMRT         GAZ  ...            102947.0    PN000008
0                 SMRT         GAZ  ...            102948.0    PN000009
0                 SMRT         GAZ  ...            102949.0    PN000010

[10 rows x 5 columns]
2021-05-06 13:17:56,337:DEBUG:Records to be uploaded in consu table:      Meter Number Mearsurement Date Measurement time Consumption File Number
0       000000002          20191014             1100       10.28    PN000001
1       000000002          20191014             1200        2.84    PN000001
2       000000002          20191014             1300       14.65    PN000001
3       000000002          20191014             1400       11.69    PN000001
4       000000002          20191014             1500       14.02    PN000001
...           ...               ...              ...         ...         ...
1792    000000005          20191016              300        6.75    PN000010
1793    000000005          20191016              400       17.17    PN000010
1794    000000005          20191016              500       16.15    PN000010
1795    000000005          20191016              600       18.93    PN000010
1796    000000005          20191016              700       12.07    PN000010

[1797 rows x 5 columns]
2021-05-06 13:46:07,591:DEBUG:Records to be uploaded in header table:   File type identifier Company ID   ... File creation time  File Number
0                 SMRT         GAZ  ...            102939.0    PN000001
0                 SMRT         GAZ  ...            102941.0    PN000002
0                 SMRT         GAZ  ...            102942.0    PN000003
0                 SMRT         GAZ  ...            102943.0    PN000004
0                 SMRT         GAZ  ...            102944.0    PN000005
0                 SMRT         GAZ  ...            102945.0    PN000006
0                 SMRT         GAZ  ...            102946.0    PN000007
0                 SMRT         GAZ  ...            102947.0    PN000008
0                 SMRT         GAZ  ...            102948.0    PN000009
0                 SMRT         GAZ  ...            102949.0    PN000010

[10 rows x 5 columns]
2021-05-06 13:46:07,597:DEBUG:Records to be uploaded in consu table:      Meter Number Mearsurement Date Measurement time Consumption File Number
0       000000002          20191014             1100       10.28    PN000001
1       000000002          20191014             1200        2.84    PN000001
2       000000002          20191014             1300       14.65    PN000001
3       000000002          20191014             1400       11.69    PN000001
4       000000002          20191014             1500       14.02    PN000001
...           ...               ...              ...         ...         ...
1792    000000005          20191016              300        6.75    PN000010
1793    000000005          20191016              400       17.17    PN000010
1794    000000005          20191016              500       16.15    PN000010
1795    000000005          20191016              600       18.93    PN000010
1796    000000005          20191016              700       12.07    PN000010

[1797 rows x 5 columns]
2021-05-06 13:58:51,014:DEBUG:Records to be uploaded in header table:   File type identifier Company ID   ... File creation time  File Number
0                 SMRT         GAZ  ...            102939.0    PN000001
0                 SMRT         GAZ  ...            102941.0    PN000002
0                 SMRT         GAZ  ...            102942.0    PN000003
0                 SMRT         GAZ  ...            102943.0    PN000004
0                 SMRT         GAZ  ...            102944.0    PN000005
0                 SMRT         GAZ  ...            102945.0    PN000006
0                 SMRT         GAZ  ...            102946.0    PN000007
0                 SMRT         GAZ  ...            102947.0    PN000008
0                 SMRT         GAZ  ...            102948.0    PN000009
0                 SMRT         GAZ  ...            102949.0    PN000010

[10 rows x 5 columns]
2021-05-06 13:58:51,021:DEBUG:Records to be uploaded in consu table:      Meter Number Mearsurement Date Measurement time Consumption File Number
0       000000002          20191014             1100       10.28    PN000001
1       000000002          20191014             1200        2.84    PN000001
2       000000002          20191014             1300       14.65    PN000001
3       000000002          20191014             1400       11.69    PN000001
4       000000002          20191014             1500       14.02    PN000001
...           ...               ...              ...         ...         ...
1792    000000005          20191016              300        6.75    PN000010
1793    000000005          20191016              400       17.17    PN000010
1794    000000005          20191016              500       16.15    PN000010
1795    000000005          20191016              600       18.93    PN000010
1796    000000005          20191016              700       12.07    PN000010

[1797 rows x 5 columns]
2021-05-06 18:58:46,203:DEBUG:Records to be uploaded in header table: Empty DataFrame
Columns: []
Index: []
2021-05-06 18:58:46,204:DEBUG:Records to be uploaded in consu table: Empty DataFrame
Columns: []
Index: []
2021-05-06 21:19:52,430:DEBUG:Running job Job(interval=10, unit=seconds, do=auto_script, args=(), kwargs={})
2021-05-06 21:19:52,435:DEBUG:Records to be uploaded in header table: Empty DataFrame
Columns: []
Index: []
2021-05-06 21:19:52,435:DEBUG:Records to be uploaded in consu table: Empty DataFrame
Columns: []
Index: []
2021-05-06 21:20:02,637:DEBUG:Running job Job(interval=10, unit=seconds, do=auto_script, args=(), kwargs={})
2021-05-06 21:20:02,638:DEBUG:Records to be uploaded in header table: Empty DataFrame
Columns: []
Index: []
2021-05-06 21:20:02,639:DEBUG:Records to be uploaded in consu table: Empty DataFrame
Columns: []
Index: []
2021-05-06 21:20:12,831:DEBUG:Running job Job(interval=10, unit=seconds, do=auto_script, args=(), kwargs={})
2021-05-06 21:20:12,836:DEBUG:Records to be uploaded in header table: Empty DataFrame
Columns: []
Index: []
2021-05-06 21:20:12,837:DEBUG:Records to be uploaded in consu table: Empty DataFrame
Columns: []
Index: []
2021-05-06 21:20:23,018:DEBUG:Running job Job(interval=10, unit=seconds, do=auto_script, args=(), kwargs={})
2021-05-06 21:20:23,021:DEBUG:Records to be uploaded in header table: Empty DataFrame
Columns: []
Index: []
2021-05-06 21:20:23,021:DEBUG:Records to be uploaded in consu table: Empty DataFrame
Columns: []
Index: []
2021-05-06 21:21:11,323:DEBUG:Running job Job(interval=10, unit=seconds, do=auto_script, args=(), kwargs={})
2021-05-06 21:21:11,326:DEBUG:Records to be uploaded in header table: Empty DataFrame
Columns: []
Index: []
2021-05-06 21:21:11,326:DEBUG:Records to be uploaded in consu table: Empty DataFrame
Columns: []
Index: []
2021-05-06 21:21:21,521:DEBUG:Running job Job(interval=10, unit=seconds, do=auto_script, args=(), kwargs={})
2021-05-06 21:21:21,523:DEBUG:Records to be uploaded in header table: Empty DataFrame
Columns: []
Index: []
2021-05-06 21:21:21,523:DEBUG:Records to be uploaded in consu table: Empty DataFrame
Columns: []
Index: []
2021-05-06 21:21:31,718:DEBUG:Running job Job(interval=10, unit=seconds, do=auto_script, args=(), kwargs={})
2021-05-06 21:21:31,720:DEBUG:Records to be uploaded in header table: Empty DataFrame
Columns: []
Index: []
2021-05-06 21:21:31,720:DEBUG:Records to be uploaded in consu table: Empty DataFrame
Columns: []
Index: []
2021-05-06 21:21:41,906:DEBUG:Running job Job(interval=10, unit=seconds, do=auto_script, args=(), kwargs={})
2021-05-06 21:21:41,910:DEBUG:Records to be uploaded in header table: Empty DataFrame
Columns: []
Index: []
2021-05-06 21:21:41,910:DEBUG:Records to be uploaded in consu table: Empty DataFrame
Columns: []
Index: []
2021-05-06 21:21:52,113:DEBUG:Running job Job(interval=10, unit=seconds, do=auto_script, args=(), kwargs={})
2021-05-06 21:21:52,115:DEBUG:Records to be uploaded in header table: Empty DataFrame
Columns: []
Index: []
2021-05-06 21:21:52,115:DEBUG:Records to be uploaded in consu table: Empty DataFrame
Columns: []
Index: []
2021-05-06 21:23:28,344:DEBUG:Running job Job(interval=10, unit=seconds, do=auto_script, args=(), kwargs={})
2021-05-06 21:23:28,431:DEBUG:Records to be uploaded in header table:   file_type_identifier company_id   ... file_creation_time  file_number
0                 SMRT         GAZ  ...            102939.0    PN000001
0                 SMRT         GAZ  ...            102941.0    PN000002
0                 SMRT         GAZ  ...            102942.0    PN000003
0                 SMRT         GAZ  ...            102943.0    PN000004
0                 SMRT         GAZ  ...            102944.0    PN000005
0                 SMRT         GAZ  ...            102945.0    PN000006
0                 SMRT         GAZ  ...            102946.0    PN000007
0                 SMRT         GAZ  ...            102947.0    PN000008
0                 SMRT         GAZ  ...            102948.0    PN000009
0                 SMRT         GAZ  ...            102949.0    PN000010

[10 rows x 5 columns]
2021-05-06 21:23:28,438:DEBUG:Records to be uploaded in consu table:      meter_number mearsurement_date measurement_time consumption file_number
0       000000002          20191014             1100       10.28    PN000001
1       000000002          20191014             1200        2.84    PN000001
2       000000002          20191014             1300       14.65    PN000001
3       000000002          20191014             1400       11.69    PN000001
4       000000002          20191014             1500       14.02    PN000001
...           ...               ...              ...         ...         ...
1792    000000005          20191016              300        6.75    PN000010
1793    000000005          20191016              400       17.17    PN000010
1794    000000005          20191016              500       16.15    PN000010
1795    000000005          20191016              600       18.93    PN000010
1796    000000005          20191016              700       12.07    PN000010

[1797 rows x 5 columns]
2021-05-06 21:23:38,663:DEBUG:Running job Job(interval=10, unit=seconds, do=auto_script, args=(), kwargs={})
2021-05-06 21:23:38,665:DEBUG:Records to be uploaded in header table: Empty DataFrame
Columns: []
Index: []
2021-05-06 21:23:38,666:DEBUG:Records to be uploaded in consu table: Empty DataFrame
Columns: []
Index: []
2021-05-06 23:06:23,639:DEBUG:Running job Job(interval=10, unit=seconds, do=auto_script, args=(), kwargs={})
2021-05-06 23:06:23,643:DEBUG:Records to be uploaded in header table: Empty DataFrame
Columns: []
Index: []
2021-05-06 23:06:23,643:DEBUG:Records to be uploaded in consu table: Empty DataFrame
Columns: []
Index: []
2021-05-06 23:09:06,301:DEBUG:Running job Job(interval=10, unit=seconds, do=auto_script, args=(), kwargs={})
2021-05-06 23:09:06,378:DEBUG:Records to be uploaded in header table:   file_type_identifier company_id   ... file_creation_time  file_number
0                 SMRT         GAZ  ...            102939.0    PN000001
0                 SMRT         GAZ  ...            102941.0    PN000002
0                 SMRT         GAZ  ...            102942.0    PN000003
0                 SMRT         GAZ  ...            102943.0    PN000004
0                 SMRT         GAZ  ...            102944.0    PN000005
0                 SMRT         GAZ  ...            102945.0    PN000006
0                 SMRT         GAZ  ...            102946.0    PN000007
0                 SMRT         GAZ  ...            102947.0    PN000008
0                 SMRT         GAZ  ...            102948.0    PN000009
0                 SMRT         GAZ  ...            102949.0    PN000010

[10 rows x 5 columns]
2021-05-06 23:09:06,392:DEBUG:Records to be uploaded in consu table:      meter_number mearsurement_date measurement_time consumption file_number
0       000000002          20191014             1100       10.28    PN000001
1       000000002          20191014             1200        2.84    PN000001
2       000000002          20191014             1300       14.65    PN000001
3       000000002          20191014             1400       11.69    PN000001
4       000000002          20191014             1500       14.02    PN000001
...           ...               ...              ...         ...         ...
1792    000000005          20191016              300        6.75    PN000010
1793    000000005          20191016              400       17.17    PN000010
1794    000000005          20191016              500       16.15    PN000010
1795    000000005          20191016              600       18.93    PN000010
1796    000000005          20191016              700       12.07    PN000010

[1797 rows x 5 columns]
2021-05-06 23:15:09,245:DEBUG:Running job Job(interval=10, unit=seconds, do=auto_script, args=(), kwargs={})
2021-05-06 23:15:09,318:DEBUG:Records to be uploaded in header table:   file_type_identifier company_id   ... file_creation_time  file_number
0                 SMRT         GAZ  ...            102939.0    PN000001
0                 SMRT         GAZ  ...            102941.0    PN000002
0                 SMRT         GAZ  ...            102942.0    PN000003
0                 SMRT         GAZ  ...            102943.0    PN000004
0                 SMRT         GAZ  ...            102944.0    PN000005
0                 SMRT         GAZ  ...            102945.0    PN000006
0                 SMRT         GAZ  ...            102946.0    PN000007
0                 SMRT         GAZ  ...            102947.0    PN000008
0                 SMRT         GAZ  ...            102948.0    PN000009
0                 SMRT         GAZ  ...            102949.0    PN000010

[10 rows x 5 columns]
2021-05-06 23:15:09,324:DEBUG:Records to be uploaded in consu table:      meter_number mearsurement_date measurement_time consumption file_number
0       000000002          20191014             1100       10.28    PN000001
1       000000002          20191014             1200        2.84    PN000001
2       000000002          20191014             1300       14.65    PN000001
3       000000002          20191014             1400       11.69    PN000001
4       000000002          20191014             1500       14.02    PN000001
...           ...               ...              ...         ...         ...
1792    000000005          20191016              300        6.75    PN000010
1793    000000005          20191016              400       17.17    PN000010
1794    000000005          20191016              500       16.15    PN000010
1795    000000005          20191016              600       18.93    PN000010
1796    000000005          20191016              700       12.07    PN000010

[1797 rows x 5 columns]
2021-05-06 23:15:19,593:DEBUG:Running job Job(interval=10, unit=seconds, do=auto_script, args=(), kwargs={})
2021-05-06 23:15:19,596:DEBUG:Records to be uploaded in header table: Empty DataFrame
Columns: []
Index: []
2021-05-06 23:15:19,596:DEBUG:Records to be uploaded in consu table: Empty DataFrame
Columns: []
Index: []
2021-05-06 23:15:29,802:DEBUG:Running job Job(interval=10, unit=seconds, do=auto_script, args=(), kwargs={})
2021-05-06 23:15:29,807:DEBUG:Records to be uploaded in header table: Empty DataFrame
Columns: []
Index: []
2021-05-06 23:15:29,808:DEBUG:Records to be uploaded in consu table: Empty DataFrame
Columns: []
Index: []
2021-05-06 23:15:29,902:ERROR:consu_tab2
Traceback (most recent call last):
  File "D:/Gazprom/rec1.py", line 88, in upload_db
    df_consu1.to_sql('consu_tab2',
  File "C:\Users\ashpr\Anaconda3\envs\Gazprom_env\lib\site-packages\pandas\core\generic.py", line 2779, in to_sql
    sql.to_sql(
  File "C:\Users\ashpr\Anaconda3\envs\Gazprom_env\lib\site-packages\pandas\io\sql.py", line 601, in to_sql
    pandas_sql.to_sql(
  File "C:\Users\ashpr\Anaconda3\envs\Gazprom_env\lib\site-packages\pandas\io\sql.py", line 1406, in to_sql
    table.create()
  File "C:\Users\ashpr\Anaconda3\envs\Gazprom_env\lib\site-packages\pandas\io\sql.py", line 740, in create
    self.pd_sql.drop_table(self.name, self.schema)
  File "C:\Users\ashpr\Anaconda3\envs\Gazprom_env\lib\site-packages\pandas\io\sql.py", line 1480, in drop_table
    self.meta.reflect(only=[table_name], schema=schema)
  File "C:\Users\ashpr\Anaconda3\envs\Gazprom_env\lib\site-packages\sqlalchemy\sql\schema.py", line 4715, in reflect
    Table(name, self, **reflect_opts)
  File "<string>", line 2, in __new__
  File "C:\Users\ashpr\Anaconda3\envs\Gazprom_env\lib\site-packages\sqlalchemy\util\deprecations.py", line 298, in warned
    return fn(*args, **kwargs)
  File "C:\Users\ashpr\Anaconda3\envs\Gazprom_env\lib\site-packages\sqlalchemy\sql\schema.py", line 600, in __new__
    metadata._remove_table(name, schema)
  File "C:\Users\ashpr\Anaconda3\envs\Gazprom_env\lib\site-packages\sqlalchemy\util\langhelpers.py", line 70, in __exit__
    compat.raise_(
  File "C:\Users\ashpr\Anaconda3\envs\Gazprom_env\lib\site-packages\sqlalchemy\util\compat.py", line 211, in raise_
    raise exception
  File "C:\Users\ashpr\Anaconda3\envs\Gazprom_env\lib\site-packages\sqlalchemy\sql\schema.py", line 595, in __new__
    table._init(name, metadata, *args, **kw)
  File "C:\Users\ashpr\Anaconda3\envs\Gazprom_env\lib\site-packages\sqlalchemy\sql\schema.py", line 670, in _init
    self._autoload(
  File "C:\Users\ashpr\Anaconda3\envs\Gazprom_env\lib\site-packages\sqlalchemy\sql\schema.py", line 705, in _autoload
    conn_insp.reflect_table(
  File "C:\Users\ashpr\Anaconda3\envs\Gazprom_env\lib\site-packages\sqlalchemy\engine\reflection.py", line 788, in reflect_table
    raise exc.NoSuchTableError(table.name)
sqlalchemy.exc.NoSuchTableError: consu_tab2
2021-05-06 23:15:40,007:DEBUG:Running job Job(interval=10, unit=seconds, do=auto_script, args=(), kwargs={})
2021-05-06 23:15:40,008:DEBUG:Records to be uploaded in header table: Empty DataFrame
Columns: []
Index: []
2021-05-06 23:15:40,008:DEBUG:Records to be uploaded in consu table: Empty DataFrame
Columns: []
Index: []
2021-05-06 23:15:40,100:ERROR:consu_tab2
Traceback (most recent call last):
  File "D:/Gazprom/rec1.py", line 88, in upload_db
    df_consu1.to_sql('consu_tab2',
  File "C:\Users\ashpr\Anaconda3\envs\Gazprom_env\lib\site-packages\pandas\core\generic.py", line 2779, in to_sql
    sql.to_sql(
  File "C:\Users\ashpr\Anaconda3\envs\Gazprom_env\lib\site-packages\pandas\io\sql.py", line 601, in to_sql
    pandas_sql.to_sql(
  File "C:\Users\ashpr\Anaconda3\envs\Gazprom_env\lib\site-packages\pandas\io\sql.py", line 1406, in to_sql
    table.create()
  File "C:\Users\ashpr\Anaconda3\envs\Gazprom_env\lib\site-packages\pandas\io\sql.py", line 740, in create
    self.pd_sql.drop_table(self.name, self.schema)
  File "C:\Users\ashpr\Anaconda3\envs\Gazprom_env\lib\site-packages\pandas\io\sql.py", line 1480, in drop_table
    self.meta.reflect(only=[table_name], schema=schema)
  File "C:\Users\ashpr\Anaconda3\envs\Gazprom_env\lib\site-packages\sqlalchemy\sql\schema.py", line 4715, in reflect
    Table(name, self, **reflect_opts)
  File "<string>", line 2, in __new__
  File "C:\Users\ashpr\Anaconda3\envs\Gazprom_env\lib\site-packages\sqlalchemy\util\deprecations.py", line 298, in warned
    return fn(*args, **kwargs)
  File "C:\Users\ashpr\Anaconda3\envs\Gazprom_env\lib\site-packages\sqlalchemy\sql\schema.py", line 600, in __new__
    metadata._remove_table(name, schema)
  File "C:\Users\ashpr\Anaconda3\envs\Gazprom_env\lib\site-packages\sqlalchemy\util\langhelpers.py", line 70, in __exit__
    compat.raise_(
  File "C:\Users\ashpr\Anaconda3\envs\Gazprom_env\lib\site-packages\sqlalchemy\util\compat.py", line 211, in raise_
    raise exception
  File "C:\Users\ashpr\Anaconda3\envs\Gazprom_env\lib\site-packages\sqlalchemy\sql\schema.py", line 595, in __new__
    table._init(name, metadata, *args, **kw)
  File "C:\Users\ashpr\Anaconda3\envs\Gazprom_env\lib\site-packages\sqlalchemy\sql\schema.py", line 670, in _init
    self._autoload(
  File "C:\Users\ashpr\Anaconda3\envs\Gazprom_env\lib\site-packages\sqlalchemy\sql\schema.py", line 705, in _autoload
    conn_insp.reflect_table(
  File "C:\Users\ashpr\Anaconda3\envs\Gazprom_env\lib\site-packages\sqlalchemy\engine\reflection.py", line 788, in reflect_table
    raise exc.NoSuchTableError(table.name)
sqlalchemy.exc.NoSuchTableError: consu_tab2
2021-05-06 23:15:50,192:DEBUG:Running job Job(interval=10, unit=seconds, do=auto_script, args=(), kwargs={})
2021-05-06 23:15:50,193:DEBUG:Records to be uploaded in header table: Empty DataFrame
Columns: []
Index: []
2021-05-06 23:15:50,194:DEBUG:Records to be uploaded in consu table: Empty DataFrame
Columns: []
Index: []
2021-05-06 23:15:50,330:ERROR:consu_tab2
Traceback (most recent call last):
  File "D:/Gazprom/rec1.py", line 88, in upload_db
    df_consu1.to_sql('consu_tab2',
  File "C:\Users\ashpr\Anaconda3\envs\Gazprom_env\lib\site-packages\pandas\core\generic.py", line 2779, in to_sql
    sql.to_sql(
  File "C:\Users\ashpr\Anaconda3\envs\Gazprom_env\lib\site-packages\pandas\io\sql.py", line 601, in to_sql
    pandas_sql.to_sql(
  File "C:\Users\ashpr\Anaconda3\envs\Gazprom_env\lib\site-packages\pandas\io\sql.py", line 1406, in to_sql
    table.create()
  File "C:\Users\ashpr\Anaconda3\envs\Gazprom_env\lib\site-packages\pandas\io\sql.py", line 740, in create
    self.pd_sql.drop_table(self.name, self.schema)
  File "C:\Users\ashpr\Anaconda3\envs\Gazprom_env\lib\site-packages\pandas\io\sql.py", line 1480, in drop_table
    self.meta.reflect(only=[table_name], schema=schema)
  File "C:\Users\ashpr\Anaconda3\envs\Gazprom_env\lib\site-packages\sqlalchemy\sql\schema.py", line 4715, in reflect
    Table(name, self, **reflect_opts)
  File "<string>", line 2, in __new__
  File "C:\Users\ashpr\Anaconda3\envs\Gazprom_env\lib\site-packages\sqlalchemy\util\deprecations.py", line 298, in warned
    return fn(*args, **kwargs)
  File "C:\Users\ashpr\Anaconda3\envs\Gazprom_env\lib\site-packages\sqlalchemy\sql\schema.py", line 600, in __new__
    metadata._remove_table(name, schema)
  File "C:\Users\ashpr\Anaconda3\envs\Gazprom_env\lib\site-packages\sqlalchemy\util\langhelpers.py", line 70, in __exit__
    compat.raise_(
  File "C:\Users\ashpr\Anaconda3\envs\Gazprom_env\lib\site-packages\sqlalchemy\util\compat.py", line 211, in raise_
    raise exception
  File "C:\Users\ashpr\Anaconda3\envs\Gazprom_env\lib\site-packages\sqlalchemy\sql\schema.py", line 595, in __new__
    table._init(name, metadata, *args, **kw)
  File "C:\Users\ashpr\Anaconda3\envs\Gazprom_env\lib\site-packages\sqlalchemy\sql\schema.py", line 670, in _init
    self._autoload(
  File "C:\Users\ashpr\Anaconda3\envs\Gazprom_env\lib\site-packages\sqlalchemy\sql\schema.py", line 705, in _autoload
    conn_insp.reflect_table(
  File "C:\Users\ashpr\Anaconda3\envs\Gazprom_env\lib\site-packages\sqlalchemy\engine\reflection.py", line 788, in reflect_table
    raise exc.NoSuchTableError(table.name)
sqlalchemy.exc.NoSuchTableError: consu_tab2
2021-05-06 23:16:00,423:DEBUG:Running job Job(interval=10, unit=seconds, do=auto_script, args=(), kwargs={})
2021-05-06 23:16:00,425:DEBUG:Records to be uploaded in header table: Empty DataFrame
Columns: []
Index: []
2021-05-06 23:16:00,425:DEBUG:Records to be uploaded in consu table: Empty DataFrame
Columns: []
Index: []
2021-05-06 23:16:00,518:ERROR:consu_tab2
Traceback (most recent call last):
  File "D:/Gazprom/rec1.py", line 88, in upload_db
    df_consu1.to_sql('consu_tab2',
  File "C:\Users\ashpr\Anaconda3\envs\Gazprom_env\lib\site-packages\pandas\core\generic.py", line 2779, in to_sql
    sql.to_sql(
  File "C:\Users\ashpr\Anaconda3\envs\Gazprom_env\lib\site-packages\pandas\io\sql.py", line 601, in to_sql
    pandas_sql.to_sql(
  File "C:\Users\ashpr\Anaconda3\envs\Gazprom_env\lib\site-packages\pandas\io\sql.py", line 1406, in to_sql
    table.create()
  File "C:\Users\ashpr\Anaconda3\envs\Gazprom_env\lib\site-packages\pandas\io\sql.py", line 740, in create
    self.pd_sql.drop_table(self.name, self.schema)
  File "C:\Users\ashpr\Anaconda3\envs\Gazprom_env\lib\site-packages\pandas\io\sql.py", line 1480, in drop_table
    self.meta.reflect(only=[table_name], schema=schema)
  File "C:\Users\ashpr\Anaconda3\envs\Gazprom_env\lib\site-packages\sqlalchemy\sql\schema.py", line 4715, in reflect
    Table(name, self, **reflect_opts)
  File "<string>", line 2, in __new__
  File "C:\Users\ashpr\Anaconda3\envs\Gazprom_env\lib\site-packages\sqlalchemy\util\deprecations.py", line 298, in warned
    return fn(*args, **kwargs)
  File "C:\Users\ashpr\Anaconda3\envs\Gazprom_env\lib\site-packages\sqlalchemy\sql\schema.py", line 600, in __new__
    metadata._remove_table(name, schema)
  File "C:\Users\ashpr\Anaconda3\envs\Gazprom_env\lib\site-packages\sqlalchemy\util\langhelpers.py", line 70, in __exit__
    compat.raise_(
  File "C:\Users\ashpr\Anaconda3\envs\Gazprom_env\lib\site-packages\sqlalchemy\util\compat.py", line 211, in raise_
    raise exception
  File "C:\Users\ashpr\Anaconda3\envs\Gazprom_env\lib\site-packages\sqlalchemy\sql\schema.py", line 595, in __new__
    table._init(name, metadata, *args, **kw)
  File "C:\Users\ashpr\Anaconda3\envs\Gazprom_env\lib\site-packages\sqlalchemy\sql\schema.py", line 670, in _init
    self._autoload(
  File "C:\Users\ashpr\Anaconda3\envs\Gazprom_env\lib\site-packages\sqlalchemy\sql\schema.py", line 705, in _autoload
    conn_insp.reflect_table(
  File "C:\Users\ashpr\Anaconda3\envs\Gazprom_env\lib\site-packages\sqlalchemy\engine\reflection.py", line 788, in reflect_table
    raise exc.NoSuchTableError(table.name)
sqlalchemy.exc.NoSuchTableError: consu_tab2
2021-05-06 23:26:04,483:DEBUG:Running job Job(interval=10, unit=seconds, do=auto_script, args=(), kwargs={})
2021-05-06 23:26:04,553:DEBUG:Records to be uploaded in header table:   file_type_identifier company_id   ... file_creation_time  file_number
0                 SMRT         GAZ  ...            102939.0    PN000001
0                 SMRT         GAZ  ...            102941.0    PN000002
0                 SMRT         GAZ  ...            102942.0    PN000003
0                 SMRT         GAZ  ...            102943.0    PN000004
0                 SMRT         GAZ  ...            102944.0    PN000005
0                 SMRT         GAZ  ...            102945.0    PN000006
0                 SMRT         GAZ  ...            102946.0    PN000007
0                 SMRT         GAZ  ...            102947.0    PN000008
0                 SMRT         GAZ  ...            102948.0    PN000009
0                 SMRT         GAZ  ...            102949.0    PN000010

[10 rows x 5 columns]
2021-05-06 23:26:04,559:DEBUG:Records to be uploaded in consu table:      meter_number mearsurement_date measurement_time consumption file_number
0       000000002          20191014             1100       10.28    PN000001
1       000000002          20191014             1200        2.84    PN000001
2       000000002          20191014             1300       14.65    PN000001
3       000000002          20191014             1400       11.69    PN000001
4       000000002          20191014             1500       14.02    PN000001
...           ...               ...              ...         ...         ...
1792    000000005          20191016              300        6.75    PN000010
1793    000000005          20191016              400       17.17    PN000010
1794    000000005          20191016              500       16.15    PN000010
1795    000000005          20191016              600       18.93    PN000010
1796    000000005          20191016              700       12.07    PN000010

[1797 rows x 5 columns]
2021-05-06 23:35:26,947:DEBUG:Running job Job(interval=10, unit=seconds, do=auto_script, args=(), kwargs={})
2021-05-06 23:35:27,021:DEBUG:Records to be uploaded in header table:   file_type_identifier company_id   ... file_creation_time  file_number
0                 SMRT         GAZ  ...            102939.0    PN000001
0                 SMRT         GAZ  ...            102941.0    PN000002
0                 SMRT         GAZ  ...            102942.0    PN000003
0                 SMRT         GAZ  ...            102943.0    PN000004
0                 SMRT         GAZ  ...            102944.0    PN000005
0                 SMRT         GAZ  ...            102945.0    PN000006
0                 SMRT         GAZ  ...            102946.0    PN000007
0                 SMRT         GAZ  ...            102947.0    PN000008
0                 SMRT         GAZ  ...            102948.0    PN000009
0                 SMRT         GAZ  ...            102949.0    PN000010

[10 rows x 5 columns]
2021-05-06 23:35:27,028:DEBUG:Records to be uploaded in consu table:      meter_number mearsurement_date measurement_time consumption file_number
0       000000002          20191014             1100       10.28    PN000001
1       000000002          20191014             1200        2.84    PN000001
2       000000002          20191014             1300       14.65    PN000001
3       000000002          20191014             1400       11.69    PN000001
4       000000002          20191014             1500       14.02    PN000001
...           ...               ...              ...         ...         ...
1792    000000005          20191016              300        6.75    PN000010
1793    000000005          20191016              400       17.17    PN000010
1794    000000005          20191016              500       16.15    PN000010
1795    000000005          20191016              600       18.93    PN000010
1796    000000005          20191016              700       12.07    PN000010

[1797 rows x 5 columns]
2021-05-06 23:35:37,294:DEBUG:Running job Job(interval=10, unit=seconds, do=auto_script, args=(), kwargs={})
2021-05-06 23:35:37,295:DEBUG:Records to be uploaded in header table: Empty DataFrame
Columns: []
Index: []
2021-05-06 23:35:37,296:DEBUG:Records to be uploaded in consu table: Empty DataFrame
Columns: []
Index: []
2021-05-06 23:35:47,476:DEBUG:Running job Job(interval=10, unit=seconds, do=auto_script, args=(), kwargs={})
2021-05-06 23:35:47,478:DEBUG:Records to be uploaded in header table: Empty DataFrame
Columns: []
Index: []
2021-05-06 23:35:47,479:DEBUG:Records to be uploaded in consu table: Empty DataFrame
Columns: []
Index: []
2021-05-06 23:35:57,656:DEBUG:Running job Job(interval=10, unit=seconds, do=auto_script, args=(), kwargs={})
2021-05-06 23:35:57,659:DEBUG:Records to be uploaded in header table: Empty DataFrame
Columns: []
Index: []
2021-05-06 23:35:57,659:DEBUG:Records to be uploaded in consu table: Empty DataFrame
Columns: []
Index: []
2021-05-06 23:36:07,844:DEBUG:Running job Job(interval=10, unit=seconds, do=auto_script, args=(), kwargs={})
2021-05-06 23:36:07,846:DEBUG:Records to be uploaded in header table: Empty DataFrame
Columns: []
Index: []
2021-05-06 23:36:07,846:DEBUG:Records to be uploaded in consu table: Empty DataFrame
Columns: []
Index: []
2021-05-06 23:40:35,542:DEBUG:Running job Job(interval=10, unit=seconds, do=auto_script, args=(), kwargs={})
2021-05-06 23:40:35,547:DEBUG:Records to be uploaded in header table: Empty DataFrame
Columns: []
Index: []
2021-05-06 23:40:35,548:DEBUG:Records to be uploaded in consu table: Empty DataFrame
Columns: []
Index: []
2021-05-06 23:40:45,735:DEBUG:Running job Job(interval=10, unit=seconds, do=auto_script, args=(), kwargs={})
2021-05-06 23:40:45,736:DEBUG:Records to be uploaded in header table: Empty DataFrame
Columns: []
Index: []
2021-05-06 23:40:45,736:DEBUG:Records to be uploaded in consu table: Empty DataFrame
Columns: []
Index: []
2021-05-06 23:40:55,899:DEBUG:Running job Job(interval=10, unit=seconds, do=auto_script, args=(), kwargs={})
2021-05-06 23:40:55,901:DEBUG:Records to be uploaded in header table: Empty DataFrame
Columns: []
Index: []
2021-05-06 23:40:55,901:DEBUG:Records to be uploaded in consu table: Empty DataFrame
Columns: []
Index: []
2021-05-06 23:41:06,070:DEBUG:Running job Job(interval=10, unit=seconds, do=auto_script, args=(), kwargs={})
2021-05-06 23:41:06,072:DEBUG:Records to be uploaded in header table: Empty DataFrame
Columns: []
Index: []
2021-05-06 23:41:06,072:DEBUG:Records to be uploaded in consu table: Empty DataFrame
Columns: []
Index: []
2021-05-06 23:41:16,276:DEBUG:Running job Job(interval=10, unit=seconds, do=auto_script, args=(), kwargs={})
2021-05-06 23:41:16,277:DEBUG:Records to be uploaded in header table: Empty DataFrame
Columns: []
Index: []
2021-05-06 23:41:16,278:DEBUG:Records to be uploaded in consu table: Empty DataFrame
Columns: []
Index: []
2021-05-06 23:41:26,442:DEBUG:Running job Job(interval=10, unit=seconds, do=auto_script, args=(), kwargs={})
2021-05-06 23:41:26,445:DEBUG:Records to be uploaded in header table: Empty DataFrame
Columns: []
Index: []
2021-05-06 23:41:26,446:DEBUG:Records to be uploaded in consu table: Empty DataFrame
Columns: []
Index: []
2021-05-06 23:41:36,660:DEBUG:Running job Job(interval=10, unit=seconds, do=auto_script, args=(), kwargs={})
2021-05-06 23:41:36,661:DEBUG:Records to be uploaded in header table: Empty DataFrame
Columns: []
Index: []
2021-05-06 23:41:36,661:DEBUG:Records to be uploaded in consu table: Empty DataFrame
Columns: []
Index: []
2021-05-06 23:41:46,860:DEBUG:Running job Job(interval=10, unit=seconds, do=auto_script, args=(), kwargs={})
2021-05-06 23:41:46,861:DEBUG:Records to be uploaded in header table: Empty DataFrame
Columns: []
Index: []
2021-05-06 23:41:46,862:DEBUG:Records to be uploaded in consu table: Empty DataFrame
Columns: []
Index: []
2021-05-06 23:41:57,024:DEBUG:Running job Job(interval=10, unit=seconds, do=auto_script, args=(), kwargs={})
2021-05-06 23:41:57,025:DEBUG:Records to be uploaded in header table: Empty DataFrame
Columns: []
Index: []
2021-05-06 23:41:57,026:DEBUG:Records to be uploaded in consu table: Empty DataFrame
Columns: []
Index: []
2021-05-06 23:42:07,206:DEBUG:Running job Job(interval=10, unit=seconds, do=auto_script, args=(), kwargs={})
2021-05-06 23:42:07,209:DEBUG:Records to be uploaded in header table: Empty DataFrame
Columns: []
Index: []
2021-05-06 23:42:07,209:DEBUG:Records to be uploaded in consu table: Empty DataFrame
Columns: []
Index: []
2021-05-06 23:42:17,380:DEBUG:Running job Job(interval=10, unit=seconds, do=auto_script, args=(), kwargs={})
2021-05-06 23:42:17,381:DEBUG:Records to be uploaded in header table: Empty DataFrame
Columns: []
Index: []
2021-05-06 23:42:17,382:DEBUG:Records to be uploaded in consu table: Empty DataFrame
Columns: []
Index: []
2021-05-06 23:42:27,606:DEBUG:Running job Job(interval=10, unit=seconds, do=auto_script, args=(), kwargs={})
2021-05-06 23:42:27,607:DEBUG:Records to be uploaded in header table: Empty DataFrame
Columns: []
Index: []
2021-05-06 23:42:27,608:DEBUG:Records to be uploaded in consu table: Empty DataFrame
Columns: []
Index: []
2021-05-06 23:42:37,796:DEBUG:Running job Job(interval=10, unit=seconds, do=auto_script, args=(), kwargs={})
2021-05-06 23:42:37,800:DEBUG:Records to be uploaded in header table: Empty DataFrame
Columns: []
Index: []
2021-05-06 23:42:37,801:DEBUG:Records to be uploaded in consu table: Empty DataFrame
Columns: []
Index: []
2021-05-06 23:42:47,979:DEBUG:Running job Job(interval=10, unit=seconds, do=auto_script, args=(), kwargs={})
2021-05-06 23:42:47,981:DEBUG:Records to be uploaded in header table: Empty DataFrame
Columns: []
Index: []
2021-05-06 23:42:47,981:DEBUG:Records to be uploaded in consu table: Empty DataFrame
Columns: []
Index: []
2021-05-06 23:42:58,159:DEBUG:Running job Job(interval=10, unit=seconds, do=auto_script, args=(), kwargs={})
2021-05-06 23:42:58,161:DEBUG:Records to be uploaded in header table: Empty DataFrame
Columns: []
Index: []
2021-05-06 23:42:58,162:DEBUG:Records to be uploaded in consu table: Empty DataFrame
Columns: []
Index: []
2021-05-06 23:43:08,367:DEBUG:Running job Job(interval=10, unit=seconds, do=auto_script, args=(), kwargs={})
2021-05-06 23:43:08,369:DEBUG:Records to be uploaded in header table: Empty DataFrame
Columns: []
Index: []
2021-05-06 23:43:08,369:DEBUG:Records to be uploaded in consu table: Empty DataFrame
Columns: []
Index: []
